<?xml version="1.0" encoding="UTF-8"?>
<!-- Generated by org.testng.reporters.JUnitXMLReporter -->
<testsuite hostname="DELL-PC" ignored="0" name="Test" tests="4" failures="0" timestamp="27 Feb 2023 03:37:56 GMT" time="0.068" errors="0">
  <testcase name="hellowWorld1" time="0.016" classname="gitRepoDemo1.HelloWorld"/>
  <testcase name="testTable1" time="0.005" classname="gitRepoDemo1.TestTable"/>
  <testcase name="factorial1" time="0.002" classname="gitRepoDemo1.Factorial"/>
  <testcase name="Example1" time="0.001" classname="gitRepoDemo1.Example"/>
</testsuite> <!-- Test -->
