<?xml version="1.0" encoding="UTF-8"?>
<!-- Generated by org.testng.reporters.JUnitXMLReporter -->
<testsuite hostname="DELL-PC" ignored="0" name="Test" tests="4" failures="0" timestamp="24 Feb 2023 07:55:51 GMT" time="0.257" errors="0">
  <testcase name="hellowWorld1" time="0.069" classname="gitRepoDemo1.HelloWorld"/>
  <testcase name="testTable1" time="0.004" classname="gitRepoDemo1.TestTable"/>
  <testcase name="factorial1" time="0.002" classname="gitRepoDemo1.Factorial"/>
  <testcase name="Example1" time="0.002" classname="gitRepoDemo1.Example"/>
</testsuite> <!-- Test -->
