<?xml version="1.0" encoding="UTF-8"?>
<testng-results skipped="0" failed="0" ignored="0" total="1" passed="1">
  <reporter-output>
  </reporter-output>
  <suite name="Default suite" duration-ms="91278" started-at="2023-02-28T00:34:48Z" finished-at="2023-02-28T00:36:19Z">
    <groups>
    </groups>
    <test name="Default test" duration-ms="91278" started-at="2023-02-28T00:34:48Z" finished-at="2023-02-28T00:36:19Z">
      <class name="gitRepoDemo1.Facebook">
        <test-method status="PASS" signature="setup()[pri:0, instance:gitRepoDemo1.Facebook@6e0e048a]" name="setup" is-config="true" duration-ms="82124" started-at="2023-02-28T00:34:48Z" finished-at="2023-02-28T00:36:10Z">
          <reporter-output>
          </reporter-output>
        </test-method> <!-- setup -->
        <test-method status="PASS" signature="login()[pri:0, instance:gitRepoDemo1.Facebook@6e0e048a]" name="login" duration-ms="8071" started-at="2023-02-28T00:36:10Z" finished-at="2023-02-28T00:36:18Z">
          <reporter-output>
          </reporter-output>
        </test-method> <!-- login -->
        <test-method status="PASS" signature="browserClose()[pri:0, instance:gitRepoDemo1.Facebook@6e0e048a]" name="browserClose" is-config="true" duration-ms="977" started-at="2023-02-28T00:36:18Z" finished-at="2023-02-28T00:36:19Z">
          <reporter-output>
          </reporter-output>
        </test-method> <!-- browserClose -->
      </class> <!-- gitRepoDemo1.Facebook -->
    </test> <!-- Default test -->
  </suite> <!-- Default suite -->
</testng-results>
