<?xml version="1.0" encoding="UTF-8"?>
<!-- Generated by org.testng.reporters.JUnitXMLReporter -->
<testsuite hostname="DELL-PC" ignored="0" name="Default test" tests="4" failures="0" timestamp="24 Feb 2023 07:33:35 GMT" time="0.105" errors="0">
  <testcase name="testTable1" time="0.026" classname="gitRepoDemo1.TestTable"/>
  <testcase name="Example1" time="0.002" classname="gitRepoDemo1.Example"/>
  <testcase name="factorial1" time="0.002" classname="gitRepoDemo1.Factorial"/>
  <testcase name="hellowWorld1" time="0.008" classname="gitRepoDemo1.HelloWorld"/>
</testsuite> <!-- Default test -->
